2025/10/08 18:22:30 INFO Set config value key=Config.AWSAccessKey value=AKIAIOSFODNN7EXAMPLE source=ENVIRONMENT
2025/10/08 18:22:30 INFO Set config value key=Config.AWSSecretKey value=w**************************************Y source=ENVIRONMENT
2025/10/08 18:22:30 INFO Set config value key=Config.AWSEndpoint value=localhost:9000 source=ENVIRONMENT
2025/10/08 18:22:30 INFO Set config value key=Config.AWSBucketName value=uploads source=ENVIRONMENT
2025/10/08 18:22:30 INFO Set config value key=Config.DatabaseDSN value="postgresql://aiplan:SECRET@aiplan-local:5432/aiplan-db?sslmode=disable" source=ENVIRONMENT
2025/10/08 18:22:30 INFO Set config value key=Config.DefaultUserEmail value=test@aiplan.ru source=ENVIRONMENT
2025/10/08 18:22:30 INFO Set config value key=Config.EmailHost value=localhost source=ENVIRONMENT
2025/10/08 18:22:30 INFO Set config value key=Config.EmailPort value=1025 source=ENVIRONMENT
2025/10/08 18:22:30 INFO Set config value key=Config.EmailFrom value=aiplan@aisa.ru source=ENVIRONMENT
2025/10/08 18:22:30 INFO Set config value key=Config.WebURL value=http://localhost:8080 source=ENVIRONMENT
2025/10/08 18:22:30 INFO Set config value key=Config.JitsiURL value=https://jitsi.aisa.ru source=ENVIRONMENT
2025/10/08 18:22:30 INFO Set config value key=Config.FrontFilesPath value=aiplan-front/dist/pwa source=ENVIRONMENT
2025/10/08 18:22:30 INFO AIPlan start.
2025/10/08 18:22:30 INFO Migrate models without relations
2025/10/08 18:22:31 INFO Migrate models with relations
2025/10/08 18:22:32 INFO Create DB triggers
2025/10/08 18:22:32 INFO Migrate old activities
2025/10/08 18:22:32 INFO Populate users table FKs
2025/10/08 18:22:32 INFO Telegram notifications disabled
2025/10/08 18:22:32 INFO Start front routing
2025/10/09 01:25:19 INFO Start assets cleaning
2025/10/09 01:25:19 ERROR Clean assets fail err="Object name cannot be empty"
2025/10/09 01:25:19 INFO Finish assets cleaning moved=0
2025/10/09 02:19:37 INFO Start hard delete workspaces
2025/10/09 02:19:38 INFO Finish hard delete workspaces
2025/10/09 03:13:37 INFO Start hard delete projects
2025/10/09 03:13:37 INFO Finish hard delete projects
2025/10/09 09:48:29 INFO Shutting down gracefully, press Ctrl+C again to force
2025/10/09 09:48:29 INFO Closing email workers
2025/10/09 09:48:29 INFO Email workers successfully stopped
